# JRE version: OpenJDK Runtime Environment (18.0.2+10) (build 18.0.2+10)
# Java VM: OpenJDK 64-Bit Server VM (18.0.2+10, mixed mode, sharing, tiered, compressed oops, compressed class ptrs, g1 gc, windows-amd64)
GC Precious Log:
 CardTable entry size: 512
 Card Set container configuration: InlinePtr #cards 5 size 8 Array Of Cards #cards 12 size 40 Howl #buckets 4 coarsen threshold 1843 Howl Bitmap #cards 512 size 80 coarsen threshold 460 Card regions per heap region 1 cards per card region 2048
 CPUs: 20 total, 20 available
 Memory: 16128M
 Large Page Support: Disabled
 NUMA Support: Disabled
 Compressed Oops: Enabled (32-bit)
 Heap Region Size: 1M
 Heap Min Capacity: 8M
 Heap Initial Capacity: 254M
 Heap Max Capacity: 2G
 Pre-touch: Disabled
 Parallel Workers: 15
 Concurrent Workers: 4
 Concurrent Refinement Workers: 15
 Periodic GC: Disabled
Heap:
 garbage-first heap   total 158720K, used 88929K [0x0000000080000000, 0x0000000100000000)
  region size 1024K, 2 young (2048K), 2 survivors (2048K)
 Metaspace       used 86215K, committed 88320K, reserved 1179648K
  class space    used 12121K, committed 13248K, reserved 1048576K
GC Heap History (20 events):
Event: 13.011 GC heap after
{Heap after GC invocations=38 (full 0):
 garbage-first heap   total 122880K, used 70535K [0x0000000080000000, 0x0000000100000000)
  region size 1024K, 2 young (2048K), 2 survivors (2048K)
 Metaspace       used 65293K, committed 67136K, reserved 1114112K
  class space    used 9414K, committed 10368K, reserved 1048576K
}
Event: 13.264 GC heap before
{Heap before GC invocations=39 (full 0):
 garbage-first heap   total 124928K, used 89991K [0x0000000080000000, 0x0000000100000000)
  region size 1024K, 22 young (22528K), 2 survivors (2048K)
 Metaspace       used 67519K, committed 69376K, reserved 1114112K
  class space    used 9624K, committed 10560K, reserved 1048576K
}
Event: 13.266 GC heap after
{Heap after GC invocations=40 (full 0):
 garbage-first heap   total 124928K, used 71285K [0x0000000080000000, 0x0000000100000000)
  region size 1024K, 2 young (2048K), 2 survivors (2048K)
 Metaspace       used 67519K, committed 69376K, reserved 1114112K
  class space    used 9624K, committed 10560K, reserved 1048576K
}
Event: 13.581 GC heap before
{Heap before GC invocations=40 (full 0):
 garbage-first heap   total 124928K, used 93813K [0x0000000080000000, 0x0000000100000000)
  region size 1024K, 24 young (24576K), 2 survivors (2048K)
 Metaspace       used 69787K, committed 71808K, reserved 1114112K
  class space    used 9991K, committed 11072K, reserved 1048576K
}
Event: 13.584 GC heap after
{Heap after GC invocations=41 (full 0):
 garbage-first heap   total 124928K, used 72165K [0x0000000080000000, 0x0000000100000000)
  region size 1024K, 3 young (3072K), 3 survivors (3072K)
 Metaspace       used 69787K, committed 71808K, reserved 1114112K
  class space    used 9991K, committed 11072K, reserved 1048576K
}
Event: 13.911 GC heap before
{Heap before GC invocations=42 (full 0):
 garbage-first heap   total 130048K, used 100837K [0x0000000080000000, 0x0000000100000000)
  region size 1024K, 26 young (26624K), 3 survivors (3072K)
 Metaspace       used 71482K, committed 73408K, reserved 1114112K
  class space    used 10210K, committed 11200K, reserved 1048576K
}
Event: 13.914 GC heap after
{Heap after GC invocations=43 (full 0):
 garbage-first heap   total 130048K, used 76742K [0x0000000080000000, 0x0000000100000000)
  region size 1024K, 4 young (4096K), 4 survivors (4096K)
 Metaspace       used 71482K, committed 73408K, reserved 1114112K
  class space    used 10210K, committed 11200K, reserved 1048576K
}
Event: 13.938 GC heap before
{Heap before GC invocations=43 (full 0):
 garbage-first heap   total 130048K, used 78790K [0x0000000080000000, 0x0000000100000000)
  region size 1024K, 6 young (6144K), 4 survivors (4096K)
 Metaspace       used 71605K, committed 73536K, reserved 1114112K
  class space    used 10232K, committed 11200K, reserved 1048576K
}
Event: 13.940 GC heap after
{Heap after GC invocations=44 (full 0):
 garbage-first heap   total 130048K, used 77393K [0x0000000080000000, 0x0000000100000000)
  region size 1024K, 1 young (1024K), 1 survivors (1024K)
 Metaspace       used 71605K, committed 73536K, reserved 1114112K
  class space    used 10232K, committed 11200K, reserved 1048576K
}
Event: 14.285 GC heap before
{Heap before GC invocations=44 (full 0):
 garbage-first heap   total 130048K, used 100945K [0x0000000080000000, 0x0000000100000000)
  region size 1024K, 25 young (25600K), 1 survivors (1024K)
 Metaspace       used 73476K, committed 75392K, reserved 1114112K
  class space    used 10463K, committed 11456K, reserved 1048576K
}
Event: 14.287 GC heap after
{Heap after GC invocations=45 (full 0):
 garbage-first heap   total 130048K, used 78355K [0x0000000080000000, 0x0000000100000000)
  region size 1024K, 2 young (2048K), 2 survivors (2048K)
 Metaspace       used 73476K, committed 75392K, reserved 1114112K
  class space    used 10463K, committed 11456K, reserved 1048576K
}
Event: 14.642 GC heap before
{Heap before GC invocations=46 (full 0):
 garbage-first heap   total 135168K, used 102931K [0x0000000080000000, 0x0000000100000000)
  region size 1024K, 27 young (27648K), 2 survivors (2048K)
 Metaspace       used 75609K, committed 77504K, reserved 1179648K
  class space    used 10728K, committed 11712K, reserved 1048576K
}
Event: 14.644 GC heap after
{Heap after GC invocations=47 (full 0):
 garbage-first heap   total 135168K, used 79511K [0x0000000080000000, 0x0000000100000000)
  region size 1024K, 3 young (3072K), 3 survivors (3072K)
 Metaspace       used 75609K, committed 77504K, reserved 1179648K
  class space    used 10728K, committed 11712K, reserved 1048576K
}
Event: 15.190 GC heap before
{Heap before GC invocations=47 (full 0):
 garbage-first heap   total 135168K, used 108183K [0x0000000080000000, 0x0000000100000000)
  region size 1024K, 32 young (32768K), 3 survivors (3072K)
 Metaspace       used 78939K, committed 81024K, reserved 1179648K
  class space    used 11188K, committed 12288K, reserved 1048576K
}
Event: 15.193 GC heap after
{Heap after GC invocations=48 (full 0):
 garbage-first heap   total 135168K, used 81162K [0x0000000080000000, 0x0000000100000000)
  region size 1024K, 3 young (3072K), 3 survivors (3072K)
 Metaspace       used 78939K, committed 81024K, reserved 1179648K
  class space    used 11188K, committed 12288K, reserved 1048576K
}
Event: 15.506 GC heap before
{Heap before GC invocations=49 (full 0):
 garbage-first heap   total 140288K, used 106762K [0x0000000080000000, 0x0000000100000000)
  region size 1024K, 29 young (29696K), 3 survivors (3072K)
 Metaspace       used 80881K, committed 82944K, reserved 1179648K
  class space    used 11431K, committed 12544K, reserved 1048576K
}
Event: 15.508 GC heap after
{Heap after GC invocations=50 (full 0):
 garbage-first heap   total 140288K, used 82102K [0x0000000080000000, 0x0000000100000000)
  region size 1024K, 3 young (3072K), 3 survivors (3072K)
 Metaspace       used 80881K, committed 82944K, reserved 1179648K
  class space    used 11431K, committed 12544K, reserved 1048576K
}
Event: 18.382 GC heap before
{Heap before GC invocations=51 (full 0):
 garbage-first heap   total 147456K, used 116918K [0x0000000080000000, 0x0000000100000000)
  region size 1024K, 34 young (34816K), 3 survivors (3072K)
 Metaspace       used 82190K, committed 84288K, reserved 1179648K
  class space    used 11626K, committed 12736K, reserved 1048576K
}
Event: 18.384 GC heap after
{Heap after GC invocations=52 (full 0):
 garbage-first heap   total 147456K, used 87868K [0x0000000080000000, 0x0000000100000000)
  region size 1024K, 5 young (5120K), 5 survivors (5120K)
 Metaspace       used 82190K, committed 84288K, reserved 1179648K
  class space    used 11626K, committed 12736K, reserved 1048576K
}
Event: 18.841 GC heap before
{Heap before GC invocations=52 (full 0):
 garbage-first heap   total 147456K, used 120636K [0x0000000080000000, 0x0000000100000000)
  region size 1024K, 37 young (37888K), 5 survivors (5120K)
 Metaspace       used 86215K, committed 88320K, reserved 1179648K
  class space    used 12121K, committed 13248K, reserved 1048576K
}

