# JRE version: OpenJDK Runtime Environment (18.0.2+10) (build 18.0.2+10)
# Java VM: OpenJDK 64-Bit Server VM (18.0.2+10, mixed mode, sharing, tiered, compressed oops, compressed class ptrs, serial gc, windows-amd64)
GC Precious Log:
 CardTable entry size: 512
 CPUs: 20 total, 20 available
 Memory: 16128M
 Large Page Support: Disabled
 NUMA Support: Disabled
 Compressed Oops: Enabled (32-bit)
 Heap Min Capacity: 8M
 Heap Initial Capacity: 254M
 Heap Max Capacity: 1536M
 Pre-touch: Disabled
Heap:
 def new generation   total 228224K, used 202880K [0x00000000a0000000, 0x00000000af7a0000, 0x00000000c0000000)
  eden space 202880K, 100% used [0x00000000a0000000, 0x00000000ac620000, 0x00000000ac620000)
  from space 25344K,   0% used [0x00000000adee0000, 0x00000000adee0000, 0x00000000af7a0000)
  to   space 25344K,  99% used [0x00000000ac620000, 0x00000000adedfff8, 0x00000000adee0000)
 tenured generation   total 521740K, used 521740K [0x00000000c0000000, 0x00000000dfd83000, 0x0000000100000000)
   the space 521740K, 100% used [0x00000000c0000000, 0x00000000dfd83000, 0x00000000dfd83000, 0x00000000dfd83000)
 Metaspace       used 126214K, committed 128768K, reserved 1179648K
  class space    used 17277K, committed 18624K, reserved 1048576K
GC Heap History (20 events):
Event: 78.925 GC heap after
{Heap after GC invocations=221 (full 13):
 def new generation   total 199936K, used 22208K [0x00000000a0000000, 0x00000000ad8f0000, 0x00000000c0000000)
  eden space 177728K,   0% used [0x00000000a0000000, 0x00000000a0000000, 0x00000000aad90000)
  from space 22208K, 100% used [0x00000000ac340000, 0x00000000ad8f0000, 0x00000000ad8f0000)
  to   space 22208K,   0% used [0x00000000aad90000, 0x00000000aad90000, 0x00000000ac340000)
 tenured generation   total 448644K, used 448488K [0x00000000c0000000, 0x00000000db621000, 0x0000000100000000)
   the space 448644K,  99% used [0x00000000c0000000, 0x00000000db5fa380, 0x00000000db5fa400, 0x00000000db621000)
 Metaspace       used 126180K, committed 128640K, reserved 1179648K
  class space    used 17277K, committed 18624K, reserved 1048576K
}
Event: 78.925 GC heap before
{Heap before GC invocations=221 (full 13):
 def new generation   total 199936K, used 22208K [0x00000000a0000000, 0x00000000ad8f0000, 0x00000000c0000000)
  eden space 177728K,   0% used [0x00000000a0000000, 0x00000000a0000000, 0x00000000aad90000)
  from space 22208K, 100% used [0x00000000ac340000, 0x00000000ad8f0000, 0x00000000ad8f0000)
  to   space 22208K,   0% used [0x00000000aad90000, 0x00000000aad90000, 0x00000000ac340000)
 tenured generation   total 448644K, used 448488K [0x00000000c0000000, 0x00000000db621000, 0x0000000100000000)
   the space 448644K,  99% used [0x00000000c0000000, 0x00000000db5fa380, 0x00000000db5fa400, 0x00000000db621000)
 Metaspace       used 126180K, committed 128640K, reserved 1179648K
  class space    used 17277K, committed 18624K, reserved 1048576K
}
Event: 83.406 GC heap after
{Heap after GC invocations=221 (full 14):
 def new generation   total 202304K, used 21803K [0x00000000a0000000, 0x00000000adb80000, 0x00000000c0000000)
  eden space 179840K,  12% used [0x00000000a0000000, 0x00000000a154ae88, 0x00000000aafa0000)
  from space 22464K,   0% used [0x00000000aafa0000, 0x00000000aafa0000, 0x00000000ac590000)
  to   space 22464K,   0% used [0x00000000ac590000, 0x00000000ac590000, 0x00000000adb80000)
 tenured generation   total 448644K, used 448643K [0x00000000c0000000, 0x00000000db621000, 0x0000000100000000)
   the space 448644K,  99% used [0x00000000c0000000, 0x00000000db620fe8, 0x00000000db621000, 0x00000000db621000)
 Metaspace       used 126180K, committed 128640K, reserved 1179648K
  class space    used 17277K, committed 18624K, reserved 1048576K
}
Event: 83.462 GC heap before
{Heap before GC invocations=221 (full 14):
 def new generation   total 202304K, used 179840K [0x00000000a0000000, 0x00000000adb80000, 0x00000000c0000000)
  eden space 179840K, 100% used [0x00000000a0000000, 0x00000000aafa0000, 0x00000000aafa0000)
  from space 22464K,   0% used [0x00000000aafa0000, 0x00000000aafa0000, 0x00000000ac590000)
  to   space 22464K,   0% used [0x00000000ac590000, 0x00000000ac590000, 0x00000000adb80000)
 tenured generation   total 448644K, used 448643K [0x00000000c0000000, 0x00000000db621000, 0x0000000100000000)
   the space 448644K,  99% used [0x00000000c0000000, 0x00000000db620fe8, 0x00000000db621000, 0x00000000db621000)
 Metaspace       used 126183K, committed 128704K, reserved 1179648K
  class space    used 17277K, committed 18624K, reserved 1048576K
}
Event: 83.631 GC heap after
{Heap after GC invocations=222 (full 14):
 def new generation   total 202304K, used 22464K [0x00000000a0000000, 0x00000000adb80000, 0x00000000c0000000)
  eden space 179840K,   0% used [0x00000000a0000000, 0x00000000a0000000, 0x00000000aafa0000)
  from space 22464K, 100% used [0x00000000ac590000, 0x00000000adb80000, 0x00000000adb80000)
  to   space 22464K,   0% used [0x00000000aafa0000, 0x00000000aafa0000, 0x00000000ac590000)
 tenured generation   total 471108K, used 471106K [0x00000000c0000000, 0x00000000dcc11000, 0x0000000100000000)
   the space 471108K,  99% used [0x00000000c0000000, 0x00000000dcc10a20, 0x00000000dcc10c00, 0x00000000dcc11000)
 Metaspace       used 126183K, committed 128704K, reserved 1179648K
  class space    used 17277K, committed 18624K, reserved 1048576K
}
Event: 83.631 GC heap before
{Heap before GC invocations=222 (full 14):
 def new generation   total 202304K, used 22464K [0x00000000a0000000, 0x00000000adb80000, 0x00000000c0000000)
  eden space 179840K,   0% used [0x00000000a0000000, 0x00000000a0000000, 0x00000000aafa0000)
  from space 22464K, 100% used [0x00000000ac590000, 0x00000000adb80000, 0x00000000adb80000)
  to   space 22464K,   0% used [0x00000000aafa0000, 0x00000000aafa0000, 0x00000000ac590000)
 tenured generation   total 471108K, used 471106K [0x00000000c0000000, 0x00000000dcc11000, 0x0000000100000000)
   the space 471108K,  99% used [0x00000000c0000000, 0x00000000dcc10a20, 0x00000000dcc10c00, 0x00000000dcc11000)
 Metaspace       used 126183K, committed 128704K, reserved 1179648K
  class space    used 17277K, committed 18624K, reserved 1048576K
}
Event: 88.141 GC heap after
{Heap after GC invocations=222 (full 15):
 def new generation   total 212416K, used 22309K [0x00000000a0000000, 0x00000000ae670000, 0x00000000c0000000)
  eden space 188864K,  11% used [0x00000000a0000000, 0x00000000a15c95b0, 0x00000000ab870000)
  from space 23552K,   0% used [0x00000000ab870000, 0x00000000ab870000, 0x00000000acf70000)
  to   space 23552K,   0% used [0x00000000acf70000, 0x00000000acf70000, 0x00000000ae670000)
 tenured generation   total 471108K, used 471107K [0x00000000c0000000, 0x00000000dcc11000, 0x0000000100000000)
   the space 471108K,  99% used [0x00000000c0000000, 0x00000000dcc10fd8, 0x00000000dcc11000, 0x00000000dcc11000)
 Metaspace       used 126183K, committed 128704K, reserved 1179648K
  class space    used 17277K, committed 18624K, reserved 1048576K
}
Event: 88.197 GC heap before
{Heap before GC invocations=222 (full 15):
 def new generation   total 212416K, used 188864K [0x00000000a0000000, 0x00000000ae670000, 0x00000000c0000000)
  eden space 188864K, 100% used [0x00000000a0000000, 0x00000000ab870000, 0x00000000ab870000)
  from space 23552K,   0% used [0x00000000ab870000, 0x00000000ab870000, 0x00000000acf70000)
  to   space 23552K,   0% used [0x00000000acf70000, 0x00000000acf70000, 0x00000000ae670000)
 tenured generation   total 471108K, used 471107K [0x00000000c0000000, 0x00000000dcc11000, 0x0000000100000000)
   the space 471108K,  99% used [0x00000000c0000000, 0x00000000dcc10fd8, 0x00000000dcc11000, 0x00000000dcc11000)
 Metaspace       used 126187K, committed 128704K, reserved 1179648K
  class space    used 17277K, committed 18624K, reserved 1048576K
}
Event: 88.383 GC heap after
{Heap after GC invocations=223 (full 15):
 def new generation   total 212416K, used 23552K [0x00000000a0000000, 0x00000000ae670000, 0x00000000c0000000)
  eden space 188864K,   0% used [0x00000000a0000000, 0x00000000a0000000, 0x00000000ab870000)
  from space 23552K, 100% used [0x00000000acf70000, 0x00000000ae670000, 0x00000000ae670000)
  to   space 23552K,   0% used [0x00000000ab870000, 0x00000000ab870000, 0x00000000acf70000)
 tenured generation   total 495300K, used 495213K [0x00000000c0000000, 0x00000000de3b1000, 0x0000000100000000)
   the space 495300K,  99% used [0x00000000c0000000, 0x00000000de39b538, 0x00000000de39b600, 0x00000000de3b1000)
 Metaspace       used 126187K, committed 128704K, reserved 1179648K
  class space    used 17277K, committed 18624K, reserved 1048576K
}
Event: 88.383 GC heap before
{Heap before GC invocations=223 (full 15):
 def new generation   total 212416K, used 23552K [0x00000000a0000000, 0x00000000ae670000, 0x00000000c0000000)
  eden space 188864K,   0% used [0x00000000a0000000, 0x00000000a0000000, 0x00000000ab870000)
  from space 23552K, 100% used [0x00000000acf70000, 0x00000000ae670000, 0x00000000ae670000)
  to   space 23552K,   0% used [0x00000000ab870000, 0x00000000ab870000, 0x00000000acf70000)
 tenured generation   total 495300K, used 495213K [0x00000000c0000000, 0x00000000de3b1000, 0x0000000100000000)
   the space 495300K,  99% used [0x00000000c0000000, 0x00000000de39b538, 0x00000000de39b600, 0x00000000de3b1000)
 Metaspace       used 126187K, committed 128704K, reserved 1179648K
  class space    used 17277K, committed 18624K, reserved 1048576K
}
Event: 95.071 GC heap after
{Heap after GC invocations=223 (full 16):
 def new generation   total 212416K, used 15913K [0x00000000a0000000, 0x00000000ae670000, 0x00000000c0000000)
  eden space 188864K,   8% used [0x00000000a0000000, 0x00000000a0f8a708, 0x00000000ab870000)
  from space 23552K,   0% used [0x00000000acf70000, 0x00000000acf70000, 0x00000000ae670000)
  to   space 23552K,   0% used [0x00000000ab870000, 0x00000000ab870000, 0x00000000acf70000)
 tenured generation   total 495300K, used 495299K [0x00000000c0000000, 0x00000000de3b1000, 0x0000000100000000)
   the space 495300K,  99% used [0x00000000c0000000, 0x00000000de3b0f28, 0x00000000de3b1000, 0x00000000de3b1000)
 Metaspace       used 126187K, committed 128704K, reserved 1179648K
  class space    used 17277K, committed 18624K, reserved 1048576K
}
Event: 96.102 GC heap before
{Heap before GC invocations=223 (full 16):
 def new generation   total 212416K, used 188864K [0x00000000a0000000, 0x00000000ae670000, 0x00000000c0000000)
  eden space 188864K, 100% used [0x00000000a0000000, 0x00000000ab870000, 0x00000000ab870000)
  from space 23552K,   0% used [0x00000000acf70000, 0x00000000acf70000, 0x00000000ae670000)
  to   space 23552K,   0% used [0x00000000ab870000, 0x00000000ab870000, 0x00000000acf70000)
 tenured generation   total 495300K, used 495299K [0x00000000c0000000, 0x00000000de3b1000, 0x0000000100000000)
   the space 495300K,  99% used [0x00000000c0000000, 0x00000000de3b0f28, 0x00000000de3b1000, 0x00000000de3b1000)
 Metaspace       used 126190K, committed 128768K, reserved 1179648K
  class space    used 17277K, committed 18624K, reserved 1048576K
}
Event: 97.275 GC heap after
{Heap after GC invocations=224 (full 16):
 def new generation   total 212416K, used 23552K [0x00000000a0000000, 0x00000000ae670000, 0x00000000c0000000)
  eden space 188864K,   0% used [0x00000000a0000000, 0x00000000a0000000, 0x00000000ab870000)
  from space 23552K, 100% used [0x00000000ab870000, 0x00000000acf70000, 0x00000000acf70000)
  to   space 23552K,   0% used [0x00000000acf70000, 0x00000000acf70000, 0x00000000ae670000)
 tenured generation   total 506244K, used 506117K [0x00000000c0000000, 0x00000000dee61000, 0x0000000100000000)
   the space 506244K,  99% used [0x00000000c0000000, 0x00000000dee415e0, 0x00000000dee41600, 0x00000000dee61000)
 Metaspace       used 126190K, committed 128768K, reserved 1179648K
  class space    used 17277K, committed 18624K, reserved 1048576K
}
Event: 97.275 GC heap before
{Heap before GC invocations=224 (full 16):
 def new generation   total 212416K, used 23552K [0x00000000a0000000, 0x00000000ae670000, 0x00000000c0000000)
  eden space 188864K,   0% used [0x00000000a0000000, 0x00000000a0000000, 0x00000000ab870000)
  from space 23552K, 100% used [0x00000000ab870000, 0x00000000acf70000, 0x00000000acf70000)
  to   space 23552K,   0% used [0x00000000acf70000, 0x00000000acf70000, 0x00000000ae670000)
 tenured generation   total 506244K, used 506117K [0x00000000c0000000, 0x00000000dee61000, 0x0000000100000000)
   the space 506244K,  99% used [0x00000000c0000000, 0x00000000dee415e0, 0x00000000dee41600, 0x00000000dee61000)
 Metaspace       used 126190K, committed 128768K, reserved 1179648K
  class space    used 17277K, committed 18624K, reserved 1048576K
}
Event: 101.848 GC heap after
{Heap after GC invocations=224 (full 17):
 def new generation   total 228224K, used 23366K [0x00000000a0000000, 0x00000000af7a0000, 0x00000000c0000000)
  eden space 202880K,  11% used [0x00000000a0000000, 0x00000000a16d1968, 0x00000000ac620000)
  from space 25344K,   0% used [0x00000000ac620000, 0x00000000ac620000, 0x00000000adee0000)
  to   space 25344K,   0% used [0x00000000adee0000, 0x00000000adee0000, 0x00000000af7a0000)
 tenured generation   total 506244K, used 506238K [0x00000000c0000000, 0x00000000dee61000, 0x0000000100000000)
   the space 506244K,  99% used [0x00000000c0000000, 0x00000000dee5f8f0, 0x00000000dee5fa00, 0x00000000dee61000)
 Metaspace       used 126190K, committed 128768K, reserved 1179648K
  class space    used 17277K, committed 18624K, reserved 1048576K
}
Event: 101.913 GC heap before
{Heap before GC invocations=224 (full 17):
 def new generation   total 228224K, used 202880K [0x00000000a0000000, 0x00000000af7a0000, 0x00000000c0000000)
  eden space 202880K, 100% used [0x00000000a0000000, 0x00000000ac620000, 0x00000000ac620000)
  from space 25344K,   0% used [0x00000000ac620000, 0x00000000ac620000, 0x00000000adee0000)
  to   space 25344K,   0% used [0x00000000adee0000, 0x00000000adee0000, 0x00000000af7a0000)
 tenured generation   total 506244K, used 506238K [0x00000000c0000000, 0x00000000dee61000, 0x0000000100000000)
   the space 506244K,  99% used [0x00000000c0000000, 0x00000000dee5f8f0, 0x00000000dee5fa00, 0x00000000dee61000)
 Metaspace       used 126209K, committed 128768K, reserved 1179648K
  class space    used 17277K, committed 18624K, reserved 1048576K
}
Event: 102.099 GC heap after
{Heap after GC invocations=225 (full 17):
 def new generation   total 228224K, used 25344K [0x00000000a0000000, 0x00000000af7a0000, 0x00000000c0000000)
  eden space 202880K,   0% used [0x00000000a0000000, 0x00000000a0000000, 0x00000000ac620000)
  from space 25344K, 100% used [0x00000000adee0000, 0x00000000af7a0000, 0x00000000af7a0000)
  to   space 25344K,   0% used [0x00000000ac620000, 0x00000000ac620000, 0x00000000adee0000)
 tenured generation   total 521164K, used 521006K [0x00000000c0000000, 0x00000000dfcf3000, 0x0000000100000000)
   the space 521164K,  99% used [0x00000000c0000000, 0x00000000dfccbbe8, 0x00000000dfccbc00, 0x00000000dfcf3000)
 Metaspace       used 126209K, committed 128768K, reserved 1179648K
  class space    used 17277K, committed 18624K, reserved 1048576K
}
Event: 102.099 GC heap before
{Heap before GC invocations=225 (full 17):
 def new generation   total 228224K, used 25344K [0x00000000a0000000, 0x00000000af7a0000, 0x00000000c0000000)
  eden space 202880K,   0% used [0x00000000a0000000, 0x00000000a0000000, 0x00000000ac620000)
  from space 25344K, 100% used [0x00000000adee0000, 0x00000000af7a0000, 0x00000000af7a0000)
  to   space 25344K,   0% used [0x00000000ac620000, 0x00000000ac620000, 0x00000000adee0000)
 tenured generation   total 521164K, used 521006K [0x00000000c0000000, 0x00000000dfcf3000, 0x0000000100000000)
   the space 521164K,  99% used [0x00000000c0000000, 0x00000000dfccbbe8, 0x00000000dfccbc00, 0x00000000dfcf3000)
 Metaspace       used 126209K, committed 128768K, reserved 1179648K
  class space    used 17277K, committed 18624K, reserved 1048576K
}
Event: 108.690 GC heap after
{Heap after GC invocations=225 (full 18):
 def new generation   total 228224K, used 25099K [0x00000000a0000000, 0x00000000af7a0000, 0x00000000c0000000)
  eden space 202880K,  12% used [0x00000000a0000000, 0x00000000a1882f80, 0x00000000ac620000)
  from space 25344K,   0% used [0x00000000adee0000, 0x00000000adee0000, 0x00000000af7a0000)
  to   space 25344K,   0% used [0x00000000ac620000, 0x00000000ac620000, 0x00000000adee0000)
 tenured generation   total 521164K, used 521122K [0x00000000c0000000, 0x00000000dfcf3000, 0x0000000100000000)
   the space 521164K,  99% used [0x00000000c0000000, 0x00000000dfce89b0, 0x00000000dfce8a00, 0x00000000dfcf3000)
 Metaspace       used 126209K, committed 128768K, reserved 1179648K
  class space    used 17277K, committed 18624K, reserved 1048576K
}
Event: 108.742 GC heap before
{Heap before GC invocations=225 (full 18):
 def new generation   total 228224K, used 202880K [0x00000000a0000000, 0x00000000af7a0000, 0x00000000c0000000)
  eden space 202880K, 100% used [0x00000000a0000000, 0x00000000ac620000, 0x00000000ac620000)
  from space 25344K,   0% used [0x00000000adee0000, 0x00000000adee0000, 0x00000000af7a0000)
  to   space 25344K,   0% used [0x00000000ac620000, 0x00000000ac620000, 0x00000000adee0000)
 tenured generation   total 521164K, used 521122K [0x00000000c0000000, 0x00000000dfcf3000, 0x0000000100000000)
   the space 521164K,  99% used [0x00000000c0000000, 0x00000000dfce89b0, 0x00000000dfce8a00, 0x00000000dfcf3000)
 Metaspace       used 126214K, committed 128768K, reserved 1179648K
  class space    used 17277K, committed 18624K, reserved 1048576K
}

